<?xml version="1.0" encoding="UTF-8"?>
<testng-results ignored="0" total="1" passed="1" failed="0" skipped="0">
  <reporter-output>
  </reporter-output>
  <suite started-at="2020-04-12T23:57:48 EET" name="Default suite" finished-at="2020-04-12T23:58:24 EET" duration-ms="35968">
    <groups>
    </groups>
    <test started-at="2020-04-12T23:57:48 EET" name="Default test" finished-at="2020-04-12T23:58:24 EET" duration-ms="35968">
      <class name="Testcases.LoginapplicationPF">
        <test-method signature="Login()[pri:0, instance:Testcases.LoginapplicationPF@5f16132a]" started-at="2020-04-12T23:57:48 EET" name="Login" finished-at="2020-04-12T23:58:24 EET" duration-ms="35897" status="PASS">
          <reporter-output>
          </reporter-output>
        </test-method> <!-- Login -->
      </class> <!-- Testcases.LoginapplicationPF -->
    </test> <!-- Default test -->
  </suite> <!-- Default suite -->
</testng-results>
